2018-02-26 14:38:16.968 [main            ] DEBUG com.wily.swat.apmsql.rest.version.Version           - Jar URL: jar:file:/C:/Program%20Files/Java/jdk1.8.0_45/jre/lib/resources.jar!/META-INF/MANIFEST.MF
2018-02-26 14:38:16.969 [main            ] DEBUG com.wily.swat.apmsql.rest.version.Version           - Jar URL: jar:file:/C:/Program%20Files/Java/jdk1.8.0_45/jre/lib/rt.jar!/META-INF/MANIFEST.MF
2018-02-26 14:38:16.970 [main            ] DEBUG com.wily.swat.apmsql.rest.version.Version           - Jar URL: jar:file:/C:/Program%20Files/Java/jdk1.8.0_45/jre/lib/jsse.jar!/META-INF/MANIFEST.MF
2018-02-26 14:38:16.971 [main            ] DEBUG com.wily.swat.apmsql.rest.version.Version           - Jar URL: jar:file:/C:/Program%20Files/Java/jdk1.8.0_45/jre/lib/jce.jar!/META-INF/MANIFEST.MF
2018-02-26 14:38:17.005 [main            ] DEBUG com.wily.swat.apmsql.rest.version.Version           - Jar URL: jar:file:/C:/Program%20Files/Java/jdk1.8.0_45/jre/lib/charsets.jar!/META-INF/MANIFEST.MF
2018-02-26 14:38:17.006 [main            ] DEBUG com.wily.swat.apmsql.rest.version.Version           - Jar URL: jar:file:/C:/Program%20Files/Java/jdk1.8.0_45/jre/lib/jfr.jar!/META-INF/MANIFEST.MF
2018-02-26 14:38:17.006 [main            ] DEBUG com.wily.swat.apmsql.rest.version.Version           - Jar URL: file:/C:/Users/ravhe01/git/ApmSqlRest/APMSQL-REST/target/classes/META-INF/MANIFEST.MF
2018-02-26 14:38:17.007 [main            ] DEBUG com.wily.swat.apmsql.rest.version.Version           - Jar URL: jar:file:/C:/Users/ravhe01/.m2/repository/org/restlet/jse/org.restlet/2.3.0/org.restlet-2.3.0.jar!/META-INF/MANIFEST.MF
2018-02-26 14:38:17.007 [main            ] DEBUG com.wily.swat.apmsql.rest.version.Version           - Jar URL: jar:file:/C:/Users/ravhe01/.m2/repository/org/restlet/jse/org.restlet.ext.json/2.3.0/org.restlet.ext.json-2.3.0.jar!/META-INF/MANIFEST.MF
2018-02-26 14:38:17.007 [main            ] DEBUG com.wily.swat.apmsql.rest.version.Version           - Jar URL: jar:file:/C:/Users/ravhe01/.m2/repository/org/restlet/jse/org.restlet.ext.jetty/2.3.0/org.restlet.ext.jetty-2.3.0.jar!/META-INF/MANIFEST.MF
2018-02-26 14:38:17.008 [main            ] DEBUG com.wily.swat.apmsql.rest.version.Version           - Jar URL: jar:file:/C:/Users/ravhe01/.m2/repository/org/eclipse/jetty/jetty-http/9.2.6.v20141205/jetty-http-9.2.6.v20141205.jar!/META-INF/MANIFEST.MF
2018-02-26 14:38:17.008 [main            ] DEBUG com.wily.swat.apmsql.rest.version.Version           - Jar URL: jar:file:/C:/Users/ravhe01/.m2/repository/org/eclipse/jetty/jetty-io/9.2.6.v20141205/jetty-io-9.2.6.v20141205.jar!/META-INF/MANIFEST.MF
2018-02-26 14:38:17.008 [main            ] DEBUG com.wily.swat.apmsql.rest.version.Version           - Jar URL: jar:file:/C:/Users/ravhe01/.m2/repository/org/eclipse/jetty/jetty-server/9.2.6.v20141205/jetty-server-9.2.6.v20141205.jar!/META-INF/MANIFEST.MF
2018-02-26 14:38:17.009 [main            ] DEBUG com.wily.swat.apmsql.rest.version.Version           - Jar URL: jar:file:/C:/Users/ravhe01/.m2/repository/org/eclipse/jetty/jetty-client/9.2.6.v20141205/jetty-client-9.2.6.v20141205.jar!/META-INF/MANIFEST.MF
2018-02-26 14:38:17.009 [main            ] DEBUG com.wily.swat.apmsql.rest.version.Version           - Jar URL: jar:file:/C:/Users/ravhe01/.m2/repository/org/eclipse/jetty/jetty-util/9.2.6.v20141205/jetty-util-9.2.6.v20141205.jar!/META-INF/MANIFEST.MF
2018-02-26 14:38:17.010 [main            ] DEBUG com.wily.swat.apmsql.rest.version.Version           - Jar URL: jar:file:/C:/Users/ravhe01/.m2/repository/org/eclipse/jetty/spdy/spdy-client/9.2.6.v20141205/spdy-client-9.2.6.v20141205.jar!/META-INF/MANIFEST.MF
2018-02-26 14:38:17.010 [main            ] DEBUG com.wily.swat.apmsql.rest.version.Version           - Jar URL: jar:file:/C:/Users/ravhe01/.m2/repository/org/eclipse/jetty/jetty-alpn-client/9.2.6.v20141205/jetty-alpn-client-9.2.6.v20141205.jar!/META-INF/MANIFEST.MF
2018-02-26 14:38:17.011 [main            ] DEBUG com.wily.swat.apmsql.rest.version.Version           - Jar URL: jar:file:/C:/Users/ravhe01/.m2/repository/org/eclipse/jetty/spdy/spdy-core/9.2.6.v20141205/spdy-core-9.2.6.v20141205.jar!/META-INF/MANIFEST.MF
2018-02-26 14:38:17.011 [main            ] DEBUG com.wily.swat.apmsql.rest.version.Version           - Jar URL: jar:file:/C:/Users/ravhe01/.m2/repository/org/eclipse/jetty/spdy/spdy-http-common/9.2.6.v20141205/spdy-http-common-9.2.6.v20141205.jar!/META-INF/MANIFEST.MF
2018-02-26 14:38:17.011 [main            ] DEBUG com.wily.swat.apmsql.rest.version.Version           - Jar URL: jar:file:/C:/Users/ravhe01/.m2/repository/org/eclipse/jetty/spdy/spdy-http-server/9.2.6.v20141205/spdy-http-server-9.2.6.v20141205.jar!/META-INF/MANIFEST.MF
2018-02-26 14:38:17.012 [main            ] DEBUG com.wily.swat.apmsql.rest.version.Version           - Jar URL: jar:file:/C:/Users/ravhe01/.m2/repository/org/eclipse/jetty/spdy/spdy-server/9.2.6.v20141205/spdy-server-9.2.6.v20141205.jar!/META-INF/MANIFEST.MF
2018-02-26 14:38:17.012 [main            ] DEBUG com.wily.swat.apmsql.rest.version.Version           - Jar URL: jar:file:/C:/Users/ravhe01/.m2/repository/javax/servlet/javax.servlet-api/3.1.0/javax.servlet-api-3.1.0.jar!/META-INF/MANIFEST.MF
2018-02-26 14:38:17.012 [main            ] DEBUG com.wily.swat.apmsql.rest.version.Version           - Jar URL: jar:file:/C:/Users/ravhe01/.m2/repository/org/apache/logging/log4j/log4j-core/2.10.0/log4j-core-2.10.0.jar!/META-INF/MANIFEST.MF
2018-02-26 14:38:17.014 [main            ] DEBUG com.wily.swat.apmsql.rest.version.Version           - Jar URL: jar:file:/C:/Users/ravhe01/.m2/repository/org/apache/logging/log4j/log4j-api/2.10.0/log4j-api-2.10.0.jar!/META-INF/MANIFEST.MF
2018-02-26 14:38:17.016 [main            ] DEBUG com.wily.swat.apmsql.rest.version.Version           - Jar URL: jar:file:/C:/Users/ravhe01/.m2/repository/org/apache/logging/log4j/log4j-1.2-api/2.10.0/log4j-1.2-api-2.10.0.jar!/META-INF/MANIFEST.MF
2018-02-26 14:38:17.017 [main            ] DEBUG com.wily.swat.apmsql.rest.version.Version           - Jar URL: jar:file:/C:/Users/ravhe01/.m2/repository/org/apache/logging/log4j/log4j-jul/2.10.0/log4j-jul-2.10.0.jar!/META-INF/MANIFEST.MF
2018-02-26 14:38:17.017 [main            ] DEBUG com.wily.swat.apmsql.rest.version.Version           - Jar URL: jar:file:/C:/Users/ravhe01/.m2/repository/org/apache/logging/log4j/log4j-jcl/2.10.0/log4j-jcl-2.10.0.jar!/META-INF/MANIFEST.MF
2018-02-26 14:38:17.017 [main            ] DEBUG com.wily.swat.apmsql.rest.version.Version           - Jar URL: jar:file:/C:/Users/ravhe01/.m2/repository/commons-logging/commons-logging/1.2/commons-logging-1.2.jar!/META-INF/MANIFEST.MF
2018-02-26 14:38:17.018 [main            ] DEBUG com.wily.swat.apmsql.rest.version.Version           - Jar URL: jar:file:/C:/Users/ravhe01/.m2/repository/org/apache/logging/log4j/log4j-slf4j-impl/2.10.0/log4j-slf4j-impl-2.10.0.jar!/META-INF/MANIFEST.MF
2018-02-26 14:38:17.018 [main            ] DEBUG com.wily.swat.apmsql.rest.version.Version           - Jar URL: jar:file:/C:/Users/ravhe01/.m2/repository/org/slf4j/slf4j-api/1.8.0-alpha2/slf4j-api-1.8.0-alpha2.jar!/META-INF/MANIFEST.MF
2018-02-26 14:38:17.018 [main            ] DEBUG com.wily.swat.apmsql.rest.version.Version           - Jar URL: jar:file:/C:/Users/ravhe01/.m2/repository/org/apache/commons/commons-lang3/3.0/commons-lang3-3.0.jar!/META-INF/MANIFEST.MF
2018-02-26 14:38:17.019 [main            ] DEBUG com.wily.swat.apmsql.rest.version.Version           - Jar URL: jar:file:/C:/Users/ravhe01/.m2/repository/junit/junit/4.12/junit-4.12.jar!/META-INF/MANIFEST.MF
2018-02-26 14:38:17.019 [main            ] DEBUG com.wily.swat.apmsql.rest.version.Version           - Jar URL: jar:file:/C:/Users/ravhe01/.m2/repository/org/hamcrest/hamcrest-core/1.3/hamcrest-core-1.3.jar!/META-INF/MANIFEST.MF
2018-02-26 14:38:17.019 [main            ] DEBUG com.wily.swat.apmsql.rest.version.Version           - Jar URL: jar:file:/C:/Users/ravhe01/.m2/repository/org/apache/commons/commons-dbcp2/2.1.1/commons-dbcp2-2.1.1.jar!/META-INF/MANIFEST.MF
2018-02-26 14:38:17.019 [main            ] DEBUG com.wily.swat.apmsql.rest.version.Version           - Jar URL: jar:file:/C:/Users/ravhe01/.m2/repository/org/apache/commons/commons-pool2/2.4.2/commons-pool2-2.4.2.jar!/META-INF/MANIFEST.MF
2018-02-26 14:38:17.020 [main            ] DEBUG com.wily.swat.apmsql.rest.version.Version           - Jar URL: jar:file:/C:/Users/ravhe01/.m2/repository/org/springframework/spring-jdbc/4.2.2.RELEASE/spring-jdbc-4.2.2.RELEASE.jar!/META-INF/MANIFEST.MF
2018-02-26 14:38:17.020 [main            ] DEBUG com.wily.swat.apmsql.rest.version.Version           - Jar URL: jar:file:/C:/Users/ravhe01/.m2/repository/org/springframework/spring-beans/4.2.2.RELEASE/spring-beans-4.2.2.RELEASE.jar!/META-INF/MANIFEST.MF
2018-02-26 14:38:17.020 [main            ] DEBUG com.wily.swat.apmsql.rest.version.Version           - Jar URL: jar:file:/C:/Users/ravhe01/.m2/repository/org/springframework/spring-core/4.2.2.RELEASE/spring-core-4.2.2.RELEASE.jar!/META-INF/MANIFEST.MF
2018-02-26 14:38:17.020 [main            ] DEBUG com.wily.swat.apmsql.rest.version.Version           - Jar URL: jar:file:/C:/Users/ravhe01/.m2/repository/org/springframework/spring-tx/4.2.2.RELEASE/spring-tx-4.2.2.RELEASE.jar!/META-INF/MANIFEST.MF
2018-02-26 14:38:17.021 [main            ] DEBUG com.wily.swat.apmsql.rest.version.Version           - Jar URL: jar:file:/C:/Users/ravhe01/.m2/repository/com/google/code/gson/gson/2.3.1/gson-2.3.1.jar!/META-INF/MANIFEST.MF
2018-02-26 14:38:17.021 [main            ] DEBUG com.wily.swat.apmsql.rest.version.Version           - Jar URL: jar:file:/C:/Users/ravhe01/.m2/repository/org/jboss/teiid/teiid-client/9.0.1/teiid-client-9.0.1.jar!/META-INF/MANIFEST.MF
2018-02-26 14:38:17.021 [main            ] DEBUG com.wily.swat.apmsql.rest.version.Version           - Jar URL: jar:file:/C:/Users/ravhe01/.m2/repository/org/jboss/teiid/teiid-common-core/9.0.1/teiid-common-core-9.0.1.jar!/META-INF/MANIFEST.MF
2018-02-26 14:38:17.022 [main            ] DEBUG com.wily.swat.apmsql.rest.version.Version           - Jar URL: jar:file:/C:/Users/ravhe01/.m2/repository/org/jboss/modules/jboss-modules/1.4.3.Final/jboss-modules-1.4.3.Final.jar!/META-INF/MANIFEST.MF
2018-02-26 14:38:17.022 [main            ] DEBUG com.wily.swat.apmsql.rest.version.Version           - Jar URL: jar:file:/C:/Users/ravhe01/.m2/repository/com/lmax/disruptor/3.3.8/disruptor-3.3.8.jar!/META-INF/MANIFEST.MF
2018-02-26 14:38:17.025 [main            ] DEBUG com.wily.swat.apmsql.rest.version.Version           - Jar URL: jar:file:/C:/Users/ravhe01/.m2/repository/com/conversantmedia/disruptor/1.2.11/disruptor-1.2.11-jdk8.jar!/META-INF/MANIFEST.MF
2018-02-26 14:38:24.227 [main            ] INFO  com.wily.swat.apmsql.rest.bootstrap.Bootstrap       - APMSQL-REST extension started, version <version information not gotten from manifest>
2018-02-26 14:38:24.350 [main            ] INFO  org.eclipse.jetty.util.log                          - Logging initialized @8227ms
2018-02-26 14:38:24.381 [main            ] INFO  org.restlet                                         - Starting the Jetty [HTTP/1.1] server on port 2511
2018-02-26 14:38:24.383 [main            ] INFO  org.eclipse.jetty.server.Server                     - jetty-9.2.6.v20141205
2018-02-26 14:38:24.481 [main            ] INFO  org.eclipse.jetty.server.ServerConnector            - Started ServerConnector@7e6ef134{HTTP/1.1}{0.0.0.0:2511}
2018-02-26 14:38:24.481 [main            ] INFO  org.eclipse.jetty.server.Server                     - Started @8359ms
2018-02-26 14:38:24.481 [main            ] INFO  org.restlet.Component.InternalRouter.SQLApplication - Starting com.wily.swat.apmsql.rest.application.SQLApplication application
